Start Connection Error: Access denied for user 'toranashitanhung'@'localhost' (using password: YES)
'Start Connection Error: Access denied for user 'toranashitanhung'@'localhost' (using password: YES)
'Start Connection Error: Access denied for user 'toranashitanhung'@'localhost' (using password: YES)
'Start Connection Error: Access denied for user 'toranashitanhung'@'localhost' (using password: YES)
'Start Connection Error: Access denied for user 'toranashitanhung'@'localhost' (using password: YES)
'Start Connection Error: Access denied for user 'toranashitanhung'@'localhost' (using password: YES)
'Start Connection Error: Access denied for user 'toranashitanhung'@'localhost' (using password: YES)
'Start Connection Error: Access denied for user 'toranashitanhung'@'localhost' (using password: YES)
'Start Connection Error: Access denied for user 'toranashitanhung'@'localhost' (using password: YES)
'Start Connection Error: Access denied for user 'toranashitanhung'@'localhost' (using password: YES)
'Start Connection Error: Access denied for user 'toranashitanhung'@'localhost' (using password: YES)
'Start Connection Error: Access denied for user 'toranashitanhung'@'localhost' (using password: YES)
'Start Connection Error: Access denied for user 'toranashitanhung'@'localhost' (using password: YES)
'Start Connection Error: Access denied for user 'toranashitanhung'@'localhost' (using password: YES)
'Start Connection Error: Access denied for user 'toranashitanhung'@'localhost' (using password: YES)
'Start Connection Error: Access denied for user 'toranashitanhung'@'localhost' (using password: YES)
'Start Connection Error: Access denied for user 'toranashitanhung'@'localhost' (using password: YES)
'Start Connection Error: Access denied for user 'toranashitanhung'@'localhost' (using password: YES)
'Start Connection Error: Access denied for user 'toranashitanhung'@'localhost' (using password: YES)
'Start Connection Error: Access denied for user 'toranashitanhung'@'localhost' (using password: YES)
'Start Connection Error: Access denied for user 'toranashitanhung'@'localhost' (using password: YES)
'Start Connection Error: Access denied for user 'toranashitanhung'@'localhost' (using password: YES)
'Start Connection Error: Access denied for user 'toranashitanhung'@'localhost' (using password: YES)
'Start Connection Error: Access denied for user 'toranashitanhung'@'localhost' (using password: YES)
'Start Connection Error: Access denied for user 'toranashitanhung'@'localhost' (using password: YES)
'Start Connection Error: Access denied for user 'toranashitanhung'@'localhost' (using password: YES)
'Start Connection Error: Access denied for user 'toranashitanhung'@'localhost' (using password: YES)
'Start Connection Error: Access denied for user 'toranashitanhung'@'localhost' (using password: YES)
'Start Connection Error: getaddrinfo ENOTFOUND localhost:3306
'Start Connection Error: Access denied for user 'toranashitanhung'@'localhost' (using password: YES)
'Start Connection Error: Access denied for user 'toranashitanhung'@'localhost' (using password: YES)
'Start Connection Error: Access denied for user 'toranashitanhung'@'localhost' (using password: YES)
'Start Connection Error: Access denied for user 'toranashitanhung'@'localhost' (using password: YES)
'Start Connection Error: getaddrinfo ENOTFOUND localhost:27017
'Start Connection Error: Access denied for user 'toranashitanhung'@'localhost' (using password: YES)
'Start Connection Error: getaddrinfo ENOTFOUND localhost:27017
'Start Connection Error: Access denied for user 'toranashitanhung'@'localhost' (using password: YES)
'Start Connection Error: Access denied for user 'toranashitanhung'@'localhost' (using password: YES)
'Start Connection Error: Access denied for user 'root'@'localhost' (using password: YES)
'Start Connection Error: Access denied for user 'root'@'localhost' (using password: YES)
'Start Connection Error: Access denied for user 'root'@'localhost' (using password: YES)
'Start Connection Error: Access denied for user 'root'@'localhost' (using password: YES)
'Start Connection Error: Access denied for user 'root'@'localhost' (using password: YES)
'Start Connection Error: Access denied for user 'root'@'localhost' (using password: YES)
'Start Connection Error: Access denied for user 'root'@'localhost' (using password: YES)
'Start Connection Error: Access denied for user 'root'@'localhost' (using password: YES)
'Start Connection Error: Access denied for user 'root'@'localhost' (using password: YES)
'Start Connection Error: Access denied for user 'root'@'localhost' (using password: YES)
'Start Connection Error: Access denied for user 'root'@'localhost' (using password: YES)
'