Mon 4/9: Viet Anh
- SQL procedure to insert products into warehouse(s): '''sql_data/db_warehouse_trans.sql'''
- Replace fake image file names with random image links from Unsplashed API

Mon 4/9: Duong
- Create MySQL db users: guest, customer, seller, warehouse: '''sql_data/dbUserGen.sql'''
- Credentials for these users are stored in ''' abc '''

Sun 3/9: Khanh
- Function to get all children and below from a category
- Route to test the above
- package.json: set script name

Wed 30/8: Viet Anh
- MongoDB: attribute to attribute: [{name, value, required}]
- Script to reflect this change, models/category also

Tue 29/8: Viet Anh
- Add table warehouse_item (warehouse_id, product_id, quantity) for product storage
- Add product.remaining to store how many products are available
- Data: change warehouse.remaining_area to reflect actual data
    + The function to do this update is in sql_data/helpful.sql

Tue 29/8: Viet Anh
- Change users 1 (WH Admin), 19 (Customer), 82 (Seller) accounts 
(they have the most orders/products -> easier to test)
- New passwords for the accounts above:
    1: Warehouse123!
    19: Customer123!
    82: Seller123!
- Add DROP TABLE IF EXISTS to '''sql_data/db_create.sql''' to speed up future data gen.

Mon 28/8: Viet Anh
- Add product.description, change sql_data/db_create, sql_data/db_inserts to reflect

Sun 27/8: Duong, Viet Anh
- test_read_sql: database (connection), read_data.js (route for reading), app.js ("main")

Sat 26/8: Viet Anh
- Set up methods to interact with MongoDB (models/methods.js)
- Since attributes are not required to be entered, AttValue is not required
- SQL files, CSV data files, Python script moved to /sql_data/
- TODO: Set collection.document name (in .env?) to ensure consistency